<?xml version="1.0" encoding="utf-8"?><testsuites name="pytest tests"><testsuite name="pytest" errors="0" failures="2" skipped="12" tests="5353" time="388.211" timestamp="2026-02-13T01:55:24.953231+00:00" hostname="runnervmjduv7"><properties>
[...]
</properties><testcase classname="tests.app.test_analysis_runner_config" name="test_build_config_populates_threshold_hold_metric_and_capacity" time="0.014" /><testcase classname="tests.app.test_analysis_runner_config" name="test_build_config_maps_min_tenure_periods" time="0.006" /><testcase classname="tests.app.test_analysis_runner_config" name="test_build_config_maps_constant_decay_to_simple" time="0.004" /><testcase classname="tests.app.test_analysis_runner_validation" name="test_execute_analysis_raises_on_invalid_config" time="0.006" /><testcase classname="tests.app.test_analysis_runner_variants" name="test_apply_variant_patch_wraps_errors" time="0.002" /><testcase classname="tests.app.test_analysis_runner_variants" name="test_run_variant_analysis_returns_results" time="0.002" /><testcase classname="tests.app.test_comparison_helpers" name="test_comparison_run_key_changes_when_model_or_data_differs" time="0.001" /><testcase classname="tests.app.test_comparison_helpers" name="test_metric_delta_frame_computes_deltas" time="0.003" /><testcase classname="tests.app.test_comparison_helpers" name="test_period_delta_aligns_by_period_and_calculates_changes" time="0.005" /><testcase classname="tests.app.test_comparison_helpers" name="test_manager_change_delta_counts_reasons" time="0.004" /><testcase classname="tests.app.test_comparison_helpers" name="test_comparison_bundle_includes_configs_and_diff_text" time="0.006" /><testcase classname="tests.app.test_comparison_helpers" name="test_results_page_comparison_uses_cache" time="0.024" /><testcase classname="tests.app.test_competing_rules_policy" name="test_competing_rules_sticky_add_and_drop" time="0.005" /><testcase classname="tests.app.test_competing_rules_policy" name="test_confidence_interval_add_rule_reporting_only" time="0.003" /><testcase classname="tests.app.test_data_page" name="test_data_page_autoloads_sample" time="0.085" /><testcase classname="tests.app.test_data_page" name="test_data_page_upload_failure" time="0.004" /><testcase classname="tests.app.test_data_page" name="test_data_page_handles_generic_failure_with_plain_message" time="0.004" /><testcase classname="tests.app.test_data_schema" name="test_extract_headers_from_csv_bytes_with_bom" time="0.001" /><testcase classname="tests.app.test_data_schema" name="test_apply_original_headers_mismatch_returns_none" time="0.001" /><testcase classname="tests.app.test_data_schema" name="test_apply_original_headers_round_trips_duplicates" time="0.001" /><testcase classname="tests.app.test_data_schema" name="test_sanitize_formula_headers_renames_and_records_changes" time="0.001" /><testcase classname="tests.app.test_data_schema" name="test_sanitize_formula_headers_noop_preserves_identity" time="0.001" /><testcase classname="tests.app.test_data_schema" name="test_needs_formula_sanitization_handles_whitespace_prefixes" time="0.001" /><testcase classname="tests.app.test_data_schema" name="test_read_binary_payload_round_trips_file_like" time="0.001" /><testcase classname="tests.app.test_data_schema" name="test_read_binary_payload_rejects_unsupported_types" time="0.001" /><testcase classname="tests.app.test_data_schema" name="test_read_binary_payload_text_stream_encodes_bytes_and_restores_position" time="0.001" /><testcase classname="tests.app.test_data_schema" name="test_load_and_validate_csv" time="0.014" /><testcase classname="tests.app.test_data_schema" name="test_load_and_validate_file_sanitizes_headers_and_builds_meta" time="0.003" /><testcase classname="tests.app.test_data_schema" name="test_normalise_header_value_coerces_none_and_nan" time="0.001" /><testcase classname="tests.app.test_data_schema" name="test_allocate_unique_name_adds_suffix_when_occupied" time="0.001" /><testcase classname="tests.app.test_data_schema" name="test_extract_headers_from_bytes_handles_empty_and_excel" time="0.001" /><testcase classname="tests.app.test_data_schema" name="test_sanitize_formula_headers_handles_date_collision" time="0.001" /><testcase classname="tests.app.test_data_schema" name="test_extract_headers_from_excel_failure_returns_none" time="0.001" /><testcase classname="tests.app.test_data_schema" name="test_build_validation_report_populates_all_warnings" time="0.001" /><testcase classname="tests.app.test_data_schema" name="test_validate_df_wraps_input_validation_error" time="0.001" /><testcase classname="tests.app.test_data_schema" name="test_load_and_validate_file_uses_excel_branch" time="0.003" /><testcase classname="tests.app.test_demo_runner_component" name="test_normalise_metric_weights_alias_handling" time="0.001" /><testcase classname="tests.app.test_demo_runner_component" name="test_normalise_metric_weights_default_when_empty" time="0.001" /><testcase classname="tests.app.test_demo_runner_component" name="test_select_benchmark_prefers_spx" time="0.001" /><testcase classname="tests.app.test_demo_runner_component" name="test_select_benchmark_falls_back_to_first_candidate" time="0.001" /><testcase classname="tests.app.test_demo_runner_component" name="test_select_benchmark_returns_none_for_absent_candidates" time="0.001" /><testcase classname="tests.app.test_demo_runner_component" name="test_derive_window_caps_start_bounds" time="0.002" /><testcase classname="tests.app.test_demo_runner_component" name="test_derive_window_respects_earliest_bound" time="0.002" /><testcase classname="tests.app.test_demo_runner_component" name="test_derive_window_handles_single_period" time="0.002" /><testcase classname="tests.app.test_demo_runner_component" name="test_derive_window_no_adjustment_needed" time="0.002" /><testcase classname="tests.app.test_demo_runner_component" name="test_build_policy_uses_metric_weights" time="0.001" /><testcase classname="tests.app.test_demo_runner_component" name="test_build_pipeline_config_translates_weights" time="0.001" /><testcase classname="tests.app.test_demo_runner_component" name="test_prepare_demo_setup_builds_consistent_state" time="0.002" /><testcase classname="tests.app.test_demo_runner_component" name="test_update_session_state_populates_streamlit_state" time="0.001" /><testcase classname="tests.app.test_demo_runner_component" name="test_load_demo_returns_reads_first_candidate" time="0.002" /><testcase classname="tests.app.test_demo_runner_component" name="test_load_demo_returns_raises_when_missing" time="0.001" /><testcase classname="tests.app.test_demo_runner_component" name="test_load_preset_reads_yaml" time="0.002" /><testcase classname="tests.app.test_demo_runner_component" name="test_load_preset_returns_empty_for_missing" time="0.001" /><testcase classname="tests.app.test_demo_runner_component" name="test_run_one_click_demo_happy_path" time="0.002" /><testcase classname="tests.app.test_demo_runner_component" name="test_run_one_click_demo_handles_simulation_failure" time="0.002" /><testcase classname="tests.app.test_demo_runner_component" name="test_show_disclaimer_first_visit" time="0.001" /><testcase classname="tests.app.test_demo_runner_component" name="test_show_disclaimer_acceptance" time="0.001" /><testcase classname="tests.app.test_demo_runner_component" name="test_run_one_click_demo_imports_streamlit" time="0.002" /><testcase classname="tests.app.test_diversification_guard_policy" name="test_diversification_guard_limits_per_bucket" time="0.003" /><testcase classname="tests.app.test_explain_results_component" name="test_render_analysis_output_includes_summary_and_sections" time="0.004" /><testcase classname="tests.app.test_explain_results_component" name="test_generate_result_explanation_uses_chain_and_disclaimer" time="0.005" /><testcase classname="tests.app.test_explain_results_component" name="test_generate_result_explanation_handles_missing_metrics" time="0.004" /><testcase classname="tests.app.test_explain_results_component" name="test_generate_result_explanation_appends_diagnostics" time="0.004" /><testcase classname="tests.app.test_explain_results_component" name="test_generate_result_explanation_normalizes_blank_trace_url" time="0.004" /><testcase classname="tests.app.test_explain_results_component" name="test_generate_result_explanation_uses_default_questions_when_empty" time="0.004" /><testcase classname="tests.app.test_explain_results_component" name="test_generate_result_explanation_passes_metric_catalog_contents" time="0.005" /><testcase classname="tests.app.test_explain_results_component" name="test_render_explain_results_displays_trace_url_and_disclaimer" time="0.008" /><testcase classname="tests.app.test_explain_results_component" name="test_resolve_explanation_run_id_prefers_details" time="0.003" /><testcase classname="tests.app.test_explain_results_component" name="test_resolve_llm_provider_config_requires_api_key" time="0.010" /><testcase classname="tests.app.test_explain_results_component" name="test_cache_key_varies_by_questions" time="0.003" /><testcase classname="tests.app.test_explain_results_component" name="test_render_explain_results_falls_back_to_default_provider" time="0.007" /><testcase classname="tests.app.test_explain_results_component" name="test_render_explain_results_displays_trace_url" time="0.008" /><testcase classname="tests.app.test_explain_results_component" name="test_render_explain_results_uses_cached_result" time="0.016" /><testcase classname="tests.app.test_explain_results_component" name="test_render_explain_results_downloads_include_json_payload" time="0.010" /><testcase classname="tests.app.test_explain_results_component" name="test_render_explain_results_downloads_include_text" time="0.010" /><testcase classname="tests.app.test_explain_results_component" name="test_render_explain_results_ignores_blank_trace_url" time="0.011" /><testcase classname="tests.app.test_explain_results_component" name="test_render_explain_results_appends_disclaimer_for_display" time="0.010" /><testcase classname="tests.app.test_explain_results_component" name="test_render_explain_results_handles_missing_details" time="0.004" /><testcase classname="tests.app.test_explain_results_component" name="test_render_explain_results_reports_llm_error" time="0.009" /><testcase classname="tests.app.test_guardrails_component" name="test_infer_frequency_detects_daily" time="0.003" /><testcase classname="tests.app.test_guardrails_component" name="test_estimate_resource_usage_warns_on_large_dataset" time="0.001" /><testcase classname="tests.app.test_guardrails_component" name="test_prepare_dry_run_plan_builds_monotonic_windows" time="0.003" /><testcase classname="tests.app.test_guardrails_component" name="test_validate_startup_payload_round_trip" time="0.004" /><testcase classname="tests.app.test_guardrails_component" name="test_validate_startup_payload_requires_csv" time="0.002" /><testcase classname="tests.app.test_guardrails_component" name="test_validate_startup_payload_delegates_to_validator" time="0.005" /><testcase classname="tests.app.test_guardrails_component" name="test_validate_startup_payload_surfaces_validator_errors" time="0.004" /><testcase classname="tests.app.test_model_page_helpers" name="test_validate_model_catches_errors" time="0.038" /><testcase classname="tests.app.test_model_page_helpers" name="test_render_model_page_clears_cached_results" time="0.005" /><testcase classname="tests.app.test_model_page_helpers" name="test_current_run_key_changes_with_risk_free" time="0.003" /><testcase classname="tests.app.test_model_page_helpers" name="test_render_config_chat_panel_stores_instruction" time="0.003" /><testcase classname="tests.app.test_model_page_helpers" name="test_derive_cache_signature_is_stable" time="0.003" /><testcase classname="tests.app.test_model_page_helpers" name="test_derive_cache_signature_changes_with_input[updates0-provider]" time="0.003"><properties><property name="test_markers" value="parametrize" /></properties></testcase><testcase classname="tests.app.test_model_page_helpers" name="test_derive_cache_signature_changes_with_input[updates1-model]" time="0.003"><properties><property name="test_markers" value="parametrize" /></properties></testcase><testcase classname="tests.app.test_model_page_helpers" name="test_derive_cache_signature_changes_with_input[updates2-base_url]" time="0.003"><properties><property name="test_markers" value="parametrize" /></properties></testcase><testcase classname="tests.app.test_model_page_helpers" name="test_derive_cache_signature_changes_with_input[updates3-organization]" time="0.003"><properties><property name="test_markers" value="parametrize" /></properties></testcase><testcase classname="tests.app.test_model_page_helpers" name="test_derive_cache_signature_changes_with_input[updates4-temperature]" time="0.003"><properties><property name="test_markers" value="parametrize" /></properties></testcase><testcase classname="tests.app.test_model_page_helpers" name="test_cached_nl_chain_reuses_underlying_builder" time="0.003" /><testcase classname="tests.app.test_model_page_helpers" name="test_cached_nl_chain_cache_invalidates_on_change[updates0-provider]" time="0.003"><properties><property name="test_markers" value="parametrize" /></properties></testcase><testcase classname="tests.app.test_model_page_helpers" name="test_cached_nl_chain_cache_invalidates_on_change[updates1-model]" time="0.004"><properties><property name="test_markers" value="parametrize" /></properties></testcase><testcase classname="tests.app.test_model_page_helpers" name="test_cached_nl_chain_cache_invalidates_on_change[updates2-base_url]" time="0.003"><properties><property name="test_markers" value="parametrize" /></properties></testcase><testcase classname="tests.app.test_model_page_helpers" name="test_cached_nl_chain_cache_invalidates_on_change[updates3-organization]" time="0.003"><properties><property name="test_markers" value="parametrize" /></properties></testcase><testcase classname="tests.app.test_model_page_helpers" name="test_cached_nl_chain_cache_invalidates_on_change[updates4-temperature]" time="0.003"><properties><property name="test_markers" value="parametrize" /></properties></testcase><testcase classname="tests.app.test_model_page_helpers" name="test_build_nl_chain_reuses_cached_chain_with_provider_config" time="0.003" /><testcase classname="tests.app.test_model_page_helpers" name="test_build_nl_chain_invalidates_on_model_change" time="0.003" /><testcase classname="tests.app.test_model_page_helpers" name="test_build_nl_chain_invalidates_on_provider_change" time="0.003" /><testcase classname="tests.app.test_model_page_helpers" name="test_build_nl_chain_invalidates_on_provider_env_change" time="0.003" /><testcase classname="tests.app.test_model_page_helpers" name="test_build_nl_chain_invalidates_on_model_env_change" time="0.003" /><testcase classname="tests.app.test_model_page_helpers" name="test_build_nl_chain_invalidates_on_temperature_env_change" time="0.003" /><testcase classname="tests.app.test_model_page_helpers" name="test_build_nl_chain_passes_api_key_to_cache" time="0.003" /><testcase classname="tests.app.test_model_page_helpers" name="test_build_nl_chain_invalidates_on_base_url_change" time="0.003" /><testcase classname="tests.app.test_model_page_helpers" name="test_build_nl_chain_invalidates_on_org_change" time="0.003" /><testcase classname="tests.app.test_model_page_helpers" name="test_hash_api_key_secret_prefers_fingerprint" time="0.003" /><testcase classname="tests.app.test_model_page_helpers" name="test_build_chain_cache_context_includes_llm_settings" time="0.003" /><testcase classname="tests.app.test_model_page_helpers" name="test_build_nl_chain_invalidates_on_temperature_change" time="0.003" /><testcase classname="tests.app.test_model_page_helpers" name="test_build_nl_chain_creates_new_instance_on_setting_change[provider-openai-anthropic]" time="0.004"><properties><property name="test_markers" value="parametrize" /></properties></testcase><testcase classname="tests.app.test_model_page_helpers" name="test_build_nl_chain_creates_new_instance_on_setting_change[model-gpt-4o-mini-gpt-4.1-mini]" time="0.004"><properties><property name="test_markers" value="parametrize" /></properties></testcase><testcase classname="tests.app.test_model_page_helpers" name="test_build_nl_chain_creates_new_instance_on_setting_change[base_url-https://api.one-https://api.two]" time="0.004"><properties><property name="test_markers" value="parametrize" /></properties></testcase><testcase classname="tests.app.test_model_page_helpers" name="test_build_nl_chain_creates_new_instance_on_setting_change[organization-org-one-org-two]" time="0.004"><properties><property name="test_markers" value="parametrize" /></properties></testcase><testcase classname="tests.app.test_model_page_helpers" name="test_build_nl_chain_creates_new_instance_on_setting_change[temperature-0.1-0.7]" time="0.004"><properties><property name="test_markers" value="parametrize" /></properties></testcase><testcase classname="tests.app.test_model_page_helpers" name="test_build_nl_chain_creates_new_instance_on_env_setting_change[provider-openai-anthropic]" time="0.004"><properties><property name="test_markers" value="parametrize" /></properties></testcase><testcase classname="tests.app.test_model_page_helpers" name="test_build_nl_chain_creates_new_instance_on_env_setting_change[model-gpt-4o-mini-gpt-4.1-mini]" time="0.004"><properties><property name="test_markers" value="parametrize" /></properties></testcase><testcase classname="tests.app.test_model_page_helpers" name="test_build_nl_chain_creates_new_instance_on_env_setting_change[base_url-https://api.one-https://api.two]" time="0.004"><properties><property name="test_markers" value="parametrize" /></properties></testcase><testcase classname="tests.app.test_model_page_helpers" name="test_build_nl_chain_creates_new_instance_on_env_setting_change[organization-org-one-org-two]" time="0.004"><properties><property name="test_markers" value="parametrize" /></properties></testcase><testcase classname="tests.app.test_model_page_helpers" name="test_build_nl_chain_creates_new_instance_on_env_setting_change[temperature-0.1-0.7]" time="0.004"><properties><property name="test_markers" value="parametrize" /></properties></testcase><testcase classname="tests.app.test_model_page_helpers" name="test_current_chain_settings_snapshot_uses_resolved_env" time="0.003" /><testcase classname="tests.app.test_model_page_helpers" name="test_chain_cache_summary_includes_llm_details" time="0.003" /><testcase classname="tests.app.test_model_page_helpers" name="test_chain_resource_signature_changes_with_llm_key" time="0.003" /><testcase classname="tests.app.test_model_page_helpers" name="test_record_preview_timing_tracks_chain_reuse" time="0.003" /><testcase classname="tests.app.test_model_page_helpers" name="test_preview_timing_summary_reports_cache_hit" time="0.003" /><testcase classname="tests.app.test_model_page_helpers" name="test_side_by_side_diff_renders_yaml" time="0.004" /><testcase classname="tests.app.test_model_page_helpers" name="test_revert_uses_config_history_stack" time="0.003" /><testcase classname="tests.app.test_model_page_helpers" name="test_render_config_change_history_renders_entries" time="0.004" /><testcase classname="tests.app.test_model_page_helpers" name="test_risky_change_requires_confirmation" time="0.003" /><testcase classname="tests.app.test_model_page_helpers" name="test_unknown_key_review_requires_confirmation" time="0.003" /><testcase classname="tests.app.test_model_page_helpers" name="test_render_config_change_history_shows_tabs_and_entries" time="0.003" /><testcase classname="tests.app.test_model_page_helpers" name="test_render_config_chat_revert_restores_previous_state" time="0.003" /><testcase classname="tests.app.test_model_page_helpers" name="test_risky_apply_requires_confirmation_dialog" time="0.004" /><testcase classname="tests.app.test_model_page_helpers" name="test_risky_confirmation_apply_uses_dialog_confirm" time="0.003" /><testcase classname="tests.app.test_model_page_helpers" name="test_risky_confirmation_dialog_emits_warning_and_flags" time="0.003" /><testcase classname="tests.app.test_model_page_helpers" name="test_risky_confirmation_dialog_emits_unknown_key_caption" time="0.003" /><testcase classname="tests.app.test_model_page_helpers" name="test_diff_text_to_html_snapshot" time="0.003" /><testcase classname="tests.app.test_model_page_helpers" name="test_render_side_by_side_diff_snapshot" time="0.004" /><testcase classname="tests.app.test_model_page_helpers" name="test_render_config_diff_preview_renders_tabs_and_diff" time="0.003" /><testcase classname="tests.app.test_model_page_helpers" name="test_render_config_diff_preview_no_preview_shows_info" time="0.003" /><testcase classname="tests.app.test_model_page_helpers" name="test_record_preview_timing_stores_last_metrics" time="0.003" /><testcase classname="tests.app.test_model_page_helpers" name="test_build_nl_chain_reuses_cached_chain" time="0.003" /><testcase classname="tests.app.test_model_page_helpers" name="test_build_nl_chain_invalidation_on_model_change" time="0.003" /><testcase classname="tests.app.test_model_page_helpers" name="test_build_nl_chain_invalidation_on_base_url_change" time="0.003" /><testcase classname="tests.app.test_model_page_helpers" name="test_build_nl_chain_invalidation_on_temperature_change" time="0.003" /><testcase classname="tests.app.test_model_page_helpers" name="test_build_nl_chain_invalidation_on_org_change" time="0.003" /><testcase classname="tests.app.test_model_page_helpers" name="test_llm_session_overrides_win_over_env" time="0.003" /><testcase classname="tests.app.test_model_page_helpers" name="test_llm_session_override_normalizes_whitespace" time="0.003" /><testcase classname="tests.app.test_model_page_helpers" name="test_build_nl_chain_updates_selected_provider_model_for_llm_instance" time="0.003" /><testcase classname="tests.app.test_model_page_helpers" name="test_llm_status_panel_never_leaks_secret_values_in_args" time="0.003" /><testcase classname="tests.app.test_model_page_helpers" name="test_llm_status_panel_never_leaks_secret_values_in_kwargs" time="0.003" /><testcase classname="tests.app.test_model_page_helpers" name="test_llm_status_panel_allows_env_var_names_but_not_values" time="0.003" /><testcase classname="tests.app.test_model_page_helpers" name="test_llm_status_panel_warns_once_with_all_missing_env_vars" time="0.003" /><testcase classname="tests.app.test_model_page_helpers" name="test_llm_required_env_vars_warns_on_unknown_provider" time="0.003" /><testcase classname="tests.app.test_model_page_helpers" name="test_build_variant_metrics_table" time="0.004" /><testcase classname="tests.app.test_nl_operation_viewer_component" name="test_sanitize_prompt_variables_redacts_sensitive_fields" time="0.003" /><testcase classname="tests.app.test_nl_operation_viewer_component" name="test_sanitize_prompt_variables_redacts_sensitive_lists" time="0.003" /><testcase classname="tests.app.test_nl_operation_viewer_component" name="test_redact_url_strips_query" time="0.003" /><testcase classname="tests.app.test_nl_operation_viewer_component" name="test_prepare_replay_entry_redacts_sensitive_prompt" time="0.003" /><testcase classname="tests.app.test_nl_operation_viewer_component" name="test_prepare_replay_entry_no_redaction_when_safe" time="0.003" /><testcase classname="tests.app.test_nl_operation_viewer_component" name="test_render_prompt_for_display_redacts_by_key" time="0.003" /><testcase classname="tests.app.test_nl_operation_viewer_component" name="test_sanitize_patch_payload_redacts_sensitive_values" time="0.003" /><testcase classname="tests.app.test_nl_operation_viewer_component" name="test_build_diff_summary_formats_operations" time="0.003" /><testcase classname="tests.app.test_nl_operation_viewer_component" name="test_load_log_entries_respects_limit" time="0.004" /><testcase classname="tests.app.test_nl_operation_viewer_component" name="test_load_log_entries_orders_by_timestamp" time="0.004" /><testcase classname="tests.app.test_nl_operation_viewer_component" name="test_load_log_entries_returns_most_recent_50" time="0.007" /><testcase classname="tests.app.test_nl_operation_viewer_component" name="test_load_log_entries_returns_all_when_under_limit" time="0.005" /><testcase classname="tests.app.test_nl_operation_viewer_component" name="test_redact_text_replaces_fixtures_and_is_idempotent" time="0.003" /><testcase classname="tests.app.test_nl_operation_viewer_component" name="test_redact_text_redacts_full_line_env_assignment" time="0.003" /><testcase classname="tests.app.test_nl_operation_viewer_component" name="test_redact_text_preserves_non_assignment_line" time="0.003" /><testcase classname="tests.app.test_nl_operation_viewer_component" name="test_redact_text_redacts_full_line_assignments_only_in_multiline" time="0.003" /><testcase classname="tests.app.test_nl_operation_viewer_component" name="test_redact_text_handles_escaped_quotes_in_assignment_value" time="0.003" /><testcase classname="tests.app.test_nl_operation_viewer_component" name="test_redact_text_skips_complex_shell_syntax_and_respects_whitespace" time="0.003" /><testcase classname="tests.app.test_nl_operation_viewer_component" name="test_render_replay_stores_result_and_renders_redacted" time="0.007" /><testcase classname="tests.app.test_nl_operation_viewer_component" name="test_replay_button_invokes_replay_for_selected_entry" time="0.009" /><testcase classname="tests.app.test_nl_operation_viewer_component" name="test_replay_session_state_keys_are_entry_specific" time="0.009" /><testcase classname="tests.app.test_policy_engine" name="test_decide_hires_fires_basic" time="0.004" /><testcase classname="tests.app.test_policy_engine" name="test_min_tenure_blocks_bottom_fire" time="0.006" /><testcase classname="tests.app.test_policy_engine_extra" name="test_policy_config_dict" time="0.001" /><testcase classname="tests.app.test_policy_engine_extra" name="test_cooldown_tick_and_set" time="0.001" /><testcase classname="tests.app.test_policy_engine_extra" name="test_zscore_zero_variance" time="0.001" /><testcase classname="tests.app.test_policy_engine_extra" name="test_confidence_interval_reporting_only" time="0.003" /><testcase classname="tests.app.test_policy_engine_extra" name="test_diversification_break" time="0.003" /><testcase classname="tests.app.test_progress_eta" name="test_estimate_eta_seconds_uses_default_when_missing" time="0.001" /><testcase classname="tests.app.test_progress_eta" name="test_estimate_eta_seconds_clamps_range[2.0-5.0]" time="0.001"><properties><property name="test_markers" value="parametrize" /></properties></testcase><testcase classname="tests.app.test_progress_eta" name="test_estimate_eta_seconds_clamps_range[5.0-5.0]" time="0.001"><properties><property name="test_markers" value="parametrize" /></properties></testcase><testcase classname="tests.app.test_progress_eta" name="test_estimate_eta_seconds_clamps_range[120.0-90.0]" time="0.001"><properties><property name="test_markers" value="parametrize" /></properties></testcase><testcase classname="tests.app.test_progress_eta" name="test_update_eta_seconds_returns_none_for_non_positive_duration" time="0.001" /><testcase classname="tests.app.test_progress_eta" name="test_update_eta_seconds_blends_previous_value" time="0.001" /><testcase classname="tests.app.test_progress_eta" name="test_update_eta_seconds_sets_first_observation" time="0.001" /><testcase classname="tests.app.test_progress_eta" name="test_progress_ratio_and_remaining[5.0-20.0-0.25-15.0]" time="0.002"><properties><property name="test_markers" value="parametrize" /></properties></testcase><testcase classname="tests.app.test_progress_eta" name="test_progress_ratio_and_remaining[30.0-20.0-0.95-0.0]" time="0.001"><properties><property name="test_markers" value="parametrize" /></properties></testcase><testcase classname="tests.app.test_progress_eta" name="test_progress_ratio_and_remaining[3.0-0.0-0.0-0.0]" time="0.001"><properties><property name="test_markers" value="parametrize" /></properties></testcase><testcase classname="tests.app.test_results_page" name="test_results_page_recomputes_when_benchmark_changes" time="0.020" /><testcase classname="tests.app.test_results_page" name="test_results_page_includes_regime_proxy_in_analysis_input" time="0.011" /><testcase classname="tests.app.test_results_page" name="test_results_page_reports_plain_language_error" time="0.002" /><testcase classname="tests.app.test_results_page" name="test_results_page_renders_explain_results" time="0.010" /><testcase classname="tests.app.test_results_page" name="test_current_run_key_changes_with_risk_free" time="0.002" /><testcase classname="tests.app.test_results_page_explain_callsite" name="test_results_page_calls_explain_results" time="0.001" /><testcase classname="tests.app.test_streamlit_state" name="test_initialize_session_state_preserves_existing_values" time="0.001" /><testcase classname="tests.app.test_streamlit_state" name="test_clear_upload_data_removes_payload_but_resets_status" time="0.001" /><testcase classname="tests.app.test_streamlit_state" name="test_clear_upload_data_without_existing_payload" time="0.001" /><testcase classname="tests.app.test_streamlit_state" name="test_store_and_read_validated_data_updates_state" time="0.002" /><testcase classname="tests.app.test_streamlit_state" name="test_has_valid_upload_requires_success_status" time="0.001" /><testcase classname="tests.app.test_streamlit_state" name="test_get_upload_summary_formats_output[meta0-]" time="0.002"><properties><property name="test_markers" value="parametrize" /></properties></testcase><testcase classname="tests.app.test_streamlit_state" name="test_get_upload_summary_formats_output[meta1- | Frequency: Weekly]" time="0.002"><properties><property name="test_markers" value="parametrize" /></properties></testcase><testcase classname="tests.app.test_streamlit_state" name="test_record_upload_error_sets_error_state" time="0.001" /><testcase classname="tests.app.test_streamlit_state" name="test_record_upload_error_records_detail" time="0.001" /><testcase classname="tests.app.test_streamlit_state" name="test_clear_analysis_results_removes_cached_outputs" time="0.001" /><testcase classname="tests.app.test_streamlit_state" name="test_save_and_load_model_state_round_trip" time="0.001" /><testcase classname="tests.app.test_streamlit_state" name="test_rename_and_delete_saved_model_state" time="0.001" /><testcase classname="tests.app.test_streamlit_state" name="test_export_import_round_trip_preserves_types" time="0.001" /><testcase classname="tests.app.test_streamlit_state" name="test_save_model_state_rejects_empty_name" time="0.001" /><testcase classname="tests.app.test_streamlit_state" name="test_loading_nonexistent_model_state_raises_key_error" time="0.001" /><testcase classname="tests.app.test_streamlit_state" name="test_renaming_validates_existence_and_duplicate_names" time="0.001" /><testcase classname="tests.app.test_streamlit_state" name="test_export_model_state_requires_existing_entry" time="0.001" /><testcase classname="tests.app.test_streamlit_state" name="test_import_model_state_validates_payload" time="0.001" /><testcase classname="tests.app.test_streamlit_state" name="test_diff_model_states_reports_added_removed_and_changed_values" time="0.001" /><testcase classname="tests.app.test_streamlit_state" name="test_diff_model_states_flags_type_changes_and_float_tolerance" time="0.001" /><testcase classname="tests.app.test_streamlit_state" name="test_format_model_state_diff_returns_copy_ready_text" time="0.001" /><testcase classname="tests.app.test_turnover_budget_policy" name="test_turnover_budget_limits_changes" time="0.004" /><testcase classname="tests.app.test_upload_guard_helper" name="test_guard_allows_csv" time="0.002" /><testcase classname="tests.app.test_upload_guard_helper" name="test_guard_rejects_extension" time="0.001" /><testcase classname="tests.app.test_upload_guard_helper" name="test_guard_rejects_large_file" time="0.001" /><testcase classname="tests.app.test_upload_guard_helper" name="test_guard_rejects_default_limit" time="0.003" /><testcase classname="tests.backtesting.test_bootstrap" name="test_init_rng_reuses_generators_and_validate_inputs_types" time="0.003" /><testcase classname="tests.backtesting.test_bootstrap" name="test_bootstrap_equity_sanitises_non_finite_alignment" time="0.003" /><testcase classname="tests.backtesting.test_bootstrap" name="test_bootstrap_equity_handles_zero_denominator_and_extreme_base_value" time="0.006" /><testcase classname="tests.backtesting.test_bootstrap" name="test_bootstrap_equity_constant_returns_aligns_with_realised" time="0.006" /><testcase classname="tests.backtesting.test_bootstrap" name="test_bootstrap_equity_invalid_inputs" time="0.004" /><testcase classname="tests.backtesting.test_bootstrap" name="test_bootstrap_equity_handles_long_blocks" time="0.005" /><testcase classname="tests.backtesting.test_bootstrap" name="test_bootstrap_equity_deterministic_seed" time="0.010" /><testcase classname="tests.backtesting.test_bootstrap" name="test_bootstrap_equity_respects_equity_scale" time="0.010" /><testcase classname="tests.backtesting.test_harness" name="test_rolling_and_expanding_windows_diverge" time="0.107" /><testcase classname="tests.backtesting.test_harness" name="test_transaction_costs_applied_to_turnover" time="0.025" /><testcase classname="tests.backtesting.test_harness" name="test_cost_model_zero_cost_matches_baseline" time="0.037" /><testcase classname="tests.backtesting.test_harness" name="test_cost_model_slippage_costs_returns" time="0.068" /><testcase classname="tests.backtesting.test_harness" name="test_turnover_cap_and_cost_drag_series" time="0.014" /><testcase classname="tests.backtesting.test_harness" name="test_transaction_costs_drive_expected_drawdown" time="0.059" /><testcase classname="tests.backtesting.test_harness" name="test_min_trade_threshold_clamps_micro_churn" time="0.311" /><testcase classname="tests.backtesting.test_harness" name="test_run_backtest_validates_inputs" time="0.006" /><testcase classname="tests.backtesting.test_harness" name="test_run_backtest_handles_duplicate_index_slices" time="0.013" /><testcase classname="tests.backtesting.test_harness" name="test_run_backtest_shifts_reported_weights_by_execution_lag" time="0.036" /><testcase classname="tests.backtesting.test_harness" name="test_run_backtest_raises_when_execution_lag_needs_future_data" time="0.004" /><testcase classname="tests.backtesting.test_harness" name="test_execution_lag_prunes_rebalances_without_future_data" time="0.030" /><testcase classname="tests.backtesting.test_harness" name="test_prepare_returns_validates_structure" time="0.004" /><testcase classname="tests.backtesting.test_harness" name="test_normalise_frequency[M-ME]" time="0.001"><properties><property name="test_markers" value="parametrize" /></properties></testcase><testcase classname="tests.backtesting.test_harness" name="test_normalise_frequency[ME-ME]" time="0.001"><properties><property name="test_markers" value="parametrize" /></properties></testcase><testcase classname="tests.backtesting.test_harness" name="test_normalise_frequency[ q -QE]" time="0.001"><properties><property name="test_markers" value="parametrize" /></properties></testcase><testcase classname="tests.backtesting.test_harness" name="test_normalise_frequency[2Y-2YE]" time="0.001"><properties><property name="test_markers" value="parametrize" /></properties></testcase><testcase classname="tests.backtesting.test_harness" name="test_normalise_frequency[QM-QM]" time="0.001"><properties><property name="test_markers" value="parametrize" /></properties></testcase><testcase classname="tests.backtesting.test_harness" name="test_normalise_frequency[7-7]" time="0.001"><properties><property name="test_markers" value="parametrize" /></properties></testcase><testcase classname="tests.backtesting.test_harness" name="test_rebalance_calendar_intersects_index" time="0.003" /><testcase classname="tests.backtesting.test_harness" name="test_infer_periods_per_year_handles_various_spacings" time="0.002" /><testcase classname="tests.backtesting.test_harness" name="test_weight_helpers_cover_all_branches" time="0.003" /><testcase classname="tests.backtesting.test_harness" name="test_compute_drawdown_and_metrics_variants" time="0.004" /><testcase classname="tests.backtesting.test_harness" name="test_rolling_sharpe_and_series_weights_dict_helpers" time="0.004" /><testcase classname="tests.backtesting.test_harness" name="test_json_default_and_to_float_helpers" time="0.001" /><testcase classname="tests.backtesting.test_harness" name="test_backtest_result_summary_filters_weights" time="0.004" /><testcase classname="tests.backtesting.test_harness" name="test_run_backtest_respects_initial_weights" time="0.024" /><testcase classname="tests.golden.test_demo.TestDemoGoldenMaster" name="test_demo_pipeline_end_to_end" time="5.374"><properties><property name="test_markers" value="serial,xdist_group" /></properties></testcase><testcase classname="tests.golden.test_demo.TestDemoGoldenMaster" name="test_demo_pipeline_deterministic" time="7.937"><properties><property name="test_markers" value="serial,xdist_group" /></properties></testcase><testcase classname="tests.golden.test_demo.TestDemoGoldenMaster" name="test_coverage_gate_enforcement" time="0.003" /><testcase classname="tests.golden.test_demo.TestDemoGoldenMaster" name="test_demo_regression_detection" time="0.001" /><testcase classname="tests.integration.test_mc_viz" name="test_mc_viz_cli_errors_when_nav_paths_missing_for_path_dist" time="1.434"><properties><property name="test_markers" value="integration" /></properties></testcase><testcase classname="tests.integration.test_mc_viz" name="test_mc_viz_cli_full_run_with_html_markers_and_chart_consistency" time="2.054"><properties><property name="test_markers" value="integration" /></properties></testcase><testcase classname="tests.integration.test_mc_viz" name="test_mc_viz_cli_outputs_only_selected_chart_set_across_formats" time="2.002"><properties><property name="test_markers" value="integration" /></properties></testcase><testcase classname="tests.integration.test_mc_viz" name="test_mc_viz_cli_renames_existing_plot_file_collision_without_overwrite" time="2.029"><properties><property name="test_markers" value="integration" /></properties></testcase><testcase classname="tests.integration.test_mc_viz" name="test_mc_viz_cli_errors_when_nav_paths_missing_for_required_chart" time="1.435"><properties><property name="test_markers" value="integration" /></properties></testcase><testcase classname="tests.integration.test_mc_viz" name="test_mc_viz_cli_error_message_lists_exact_missing_filename" time="1.446"><properties><property name="test_markers" value="integration" /></properties></testcase><testcase classname="tests.integration.test_mc_viz" name="test_mc_viz_cli_error_lists_multiple_missing_files" time="1.442"><properties><property name="test_markers" value="integration" /></properties></testcase><testcase classname="tests.integration.test_mc_viz" name="test_mc_viz_cli_fan_missing_required_inputs" time="1.431"><properties><property name="test_markers" value="integration" /></properties></testcase><testcase classname="tests.integration.test_mc_viz" name="test_mc_viz_cli_risk_return_missing_required_inputs" time="1.431"><properties><property name="test_markers" value="integration" /></properties></testcase><testcase classname="tests.integration.test_mc_viz" name="test_mc_viz_cli_creates_plots_directory" time="2.045"><properties><property name="test_markers" value="integration" /></properties></testcase><testcase classname="tests.integration.test_mc_viz" name="test_mc_viz_cli_generates_html_artifacts" time="2.034"><properties><property name="test_markers" value="integration" /></properties></testcase><testcase classname="tests.integration.test_mc_viz" name="test_mc_viz_cli_generates_json_artifacts" time="2.045"><properties><property name="test_markers" value="integration" /></properties></testcase><testcase classname="tests.integration.test_mc_viz" name="test_mc_viz_cli_correct_artifact_count" time="2.049"><properties><property name="test_markers" value="integration" /></properties></testcase><testcase classname="tests.integration.test_mc_viz" name="test_mc_viz_cli_artifact_filenames" time="2.041"><properties><property name="test_markers" value="integration" /></properties></testcase><testcase classname="tests.integration.test_mc_viz" name="test_mc_viz_cli_generates_png_when_kaleido_available" time="0.000"><properties><property name="test_markers" value="integration,skipif" /></properties><skipped type="pytest.skip" message="kaleido not functional">/home/runner/work/Trend_Model_Project/Trend_Model_Project/tests/integration/test_mc_viz.py:403: kaleido not functional</skipped></testcase><testcase classname="tests.integration.test_mc_viz" name="test_mc_viz_cli_fails_when_kaleido_missing_and_png_requested" time="2.241"><properties><property name="test_markers" value="integration" /></properties></testcase><testcase classname="tests.integration.test_mc_viz" name="test_mc_viz_cli_error_contains_install_hint_when_kaleido_missing" time="2.227"><properties><property name="test_markers" value="integration" /></properties></testcase><testcase classname="tests.integration.test_mc_viz" name="test_mc_viz_cli_no_png_when_flag_not_set" time="2.013"><properties><property name="test_markers" value="integration" /></properties></testcase><testcase classname="tests.integration.test_mc_viz" name="test_mc_viz_cli_warns_and_continues_when_nav_paths_missing_for_non_required_charts" time="2.019"><properties><property name="test_markers" value="integration" /></properties></testcase><testcase classname="tests.integration.test_mc_viz" name="test_mc_viz_cli_creates_nested_output_directory_tree" time="1.996"><properties><property name="test_markers" value="integration" /></properties></testcase><testcase classname="tests.integration.test_mc_viz" name="test_mc_viz_cli_skips_existing_plot_file_without_overwrite" time="2.056"><properties><property name="test_markers" value="integration" /></properties></testcase><testcase classname="tests.integration.test_scenario_registration" name="test_registry_includes_new_scenario_and_loads" time="0.011"><properties><property name="test_markers" value="integration" /></properties></testcase><testcase classname="tests.monte_carlo.models.test_base" name="test_prices_to_log_returns_round_trip" time="0.004" /><testcase classname="tests.monte_carlo.models.test_base" name="test_normalize_price_frequency_monthly" time="0.003" /><testcase classname="tests.monte_carlo.models.test_base" name="test_normalize_price_frequency_daily" time="0.003" /><testcase classname="tests.monte_carlo.models.test_base" name="test_normalize_price_frequency_quarterly_maps_monthly" time="0.002" /><testcase classname="tests.monte_carlo.models.test_base" name="test_normalize_frequency_code_quarterly_defaults_monthly" time="0.001" /><testcase classname="tests.monte_carlo.models.test_base" name="test_normalize_frequency_code_quarterly_maps_daily" time="0.001" /><testcase classname="tests.monte_carlo.models.test_base" name="test_missingness_mask_helpers" time="0.003" /><testcase classname="tests.monte_carlo.models.test_base" name="test_bootstrap_model_output_shape" time="0.008" /><testcase classname="tests.monte_carlo.models.test_base" name="test_output_dates_frequency_monthly" time="0.007" /><testcase classname="tests.monte_carlo.models.test_base" name="test_output_dates_frequency_quarterly_maps_monthly" time="0.007" /><testcase classname="tests.monte_carlo.models.test_base" name="test_prices_are_non_negative" time="0.007" /><testcase classname="tests.monte_carlo.models.test_base" name="test_missingness_mask_propagation" time="0.007" /><testcase classname="tests.monte_carlo.models.test_base" name="test_bootstrap_model_uses_path_seed_streams" time="0.011" /><testcase classname="tests.monte_carlo.models.test_performance" name="test_stationary_bootstrap_generates_1000_paths_under_10s" time="0.645"><properties><property name="test_markers" value="runtime,serial,xdist_group" /></properties></testcase><testcase classname="tests.monte_carlo.models.test_regime" name="test_regime_labeler_identifies_volatility_shift" time="0.006" /><testcase classname="tests.monte_carlo.models.test_regime" name="test_regime_labeler_validates_inputs" time="0.001" /><testcase classname="tests.monte_carlo.models.test_regime" name="test_transition_matrix_rows_sum_to_one" time="0.014" /><testcase classname="tests.monte_carlo.models.test_regime" name="test_transition_matrix_single_regime_defaults_to_self" time="0.010" /><testcase classname="tests.monte_carlo.models.test_regime" name="test_normalize_transition_matrix_handles_empty_rows" time="0.001" /><testcase classname="tests.monte_carlo.models.test_regime" name="test_regime_conditioned_indices_fallback_for_empty_bucket" time="0.001" /><testcase classname="tests.monte_carlo.models.test_regime" name="test_simulate_regime_path_normalizes_initial_probs" time="0.001" /><testcase classname="tests.monte_carlo.models.test_regime" name="test_regime_conditioned_sampling_preserves_stress_behavior" time="0.119" /><testcase classname="tests.monte_carlo.models.test_regime" name="test_regime_sampling_elevates_stress_correlation" time="0.121" /><testcase classname="tests.monte_carlo.models.test_regime" name="test_regime_sampling_deterministic_with_seed" time="0.028" /><testcase classname="tests.monte_carlo.models.test_regime" name="test_regime_model_falls_back_without_proxy" time="0.016" /><testcase classname="tests.monte_carlo.models.test_regime" name="test_regime_model_falls_back_when_proxy_returns_missing" time="0.020" /><testcase classname="tests.monte_carlo.models.test_stationary_bootstrap" name="test_stationary_bootstrap_preserves_correlation" time="0.059" /><testcase classname="tests.monte_carlo.models.test_stationary_bootstrap" name="test_block_length_distribution_matches_geometric_mean" time="0.031" /><testcase classname="tests.monte_carlo.models.test_stationary_bootstrap" name="test_missingness_propagates_into_samples" time="0.009" /><testcase classname="tests.monte_carlo.models.test_stationary_bootstrap" name="test_missingness_preserves_contiguous_nan_segments" time="0.012" /><testcase classname="tests.monte_carlo.models.test_stationary_bootstrap" name="test_missingness_preserves_per_asset_nan_rates" time="0.032" /><testcase classname="tests.monte_carlo.models.test_stationary_bootstrap" name="test_stationary_bootstrap_uses_path_seed_streams" time="0.008" /><testcase classname="tests.monte_carlo.models.test_stationary_bootstrap" name="test_monthly_frequency_flow" time="0.007" /><testcase classname="tests.monte_carlo.models.test_stationary_bootstrap" name="test_sample_prices_deterministic_with_seed" time="0.014" /><testcase classname="tests.monte_carlo.models.test_stationary_bootstrap" name="test_quarterly_frequency_normalizes_to_monthly" time="0.007" /><testcase classname="tests.monte_carlo.scenario.test_hf_macro_20y_load" name="test_hf_macro_20y_loads_and_instantiates_curated_pack" time="0.102" /><testcase classname="tests.monte_carlo.strategy.test_curated_pack" name="test_hf_equity_curated_strategies_validate_against_schema" time="0.153" /><testcase classname="tests.monte_carlo.strategy.test_curated_pack" name="test_hf_macro_curated_validates_against_trendconfig" time="0.135" /><testcase classname="tests.monte_carlo.strategy.test_curated_pack" name="test_hf_macro_curated_has_10_strategies" time="0.085" /><testcase classname="tests.monte_carlo.strategy.test_curated_pack" name="test_hf_macro_curated_has_unique_id_and_name" time="0.035" /><testcase classname="tests.monte_carlo.strategy.test_curated_pack" name="test_hf_macro_curated_schema_validation_raises_no_exception" time="0.085" /><testcase classname="tests.monte_carlo.strategy.test_curated_pack" name="test_hf_macro_curated_requires_strategies_top_level_key" time="0.035" /><testcase classname="tests.monte_carlo.strategy.test_curated_pack" name="test_hf_equity_curated_strategies_do_not_mutate_defaults" time="0.089" /><testcase classname="tests.monte_carlo.strategy.test_curated_pack" name="test_hf_equity_curated_to_trend_config_does_not_mutate_defaults" time="0.093" /><testcase classname="tests.monte_carlo.strategy.test_curated_pack" name="test_hf_equity_curated_strategies_compatible_with_strategy_guards" time="0.095" /><testcase classname="tests.monte_carlo.strategy.test_curated_pack" name="test_hf_equity_curated_strategies_cover_major_axes" time="0.039" /><testcase classname="tests.monte_carlo.strategy.test_curated_pack" name="test_hf_equity_curated_docs_cover_all_strategies" time="0.049" /><testcase classname="tests.monte_carlo.strategy.test_curated_pack" name="test_hf_macro_curated_docs_cover_all_strategies" time="0.035" /><testcase classname="tests.monte_carlo.strategy.test_curated_pack" name="test_hf_macro_curated_docs_has_10_rows_with_intent_and_rationale" time="0.001" /><testcase classname="tests.monte_carlo.strategy.test_curated_pack" name="test_hf_macro_20y_loads_curated_pack_variants" time="0.082" /><testcase classname="tests.monte_carlo.strategy.test_sampler" name="test_parse_categorical_distribution" time="0.001" /><testcase classname="tests.monte_carlo.strategy.test_sampler" name="test_parse_discrete_distribution_values" time="0.001" /><testcase classname="tests.monte_carlo.strategy.test_sampler" name="test_parse_discrete_distribution_range" time="0.001" /><testcase classname="tests.monte_carlo.strategy.test_sampler" name="test_parse_discrete_distribution_range_float_step" time="0.001" /><testcase classname="tests.monte_carlo.strategy.test_sampler" name="test_parse_discrete_distribution_invalid_step" time="0.001" /><testcase classname="tests.monte_carlo.strategy.test_sampler" name="test_parse_uniform_distribution" time="0.001" /><testcase classname="tests.monte_carlo.strategy.test_sampler" name="test_discrete_distribution_sample_reproducible" time="0.001" /><testcase classname="tests.monte_carlo.strategy.test_sampler" name="test_categorical_distribution_sample_reproducible" time="0.001" /><testcase classname="tests.monte_carlo.strategy.test_sampler" name="test_uniform_distribution_sample_fixed_value" time="0.001" /><testcase classname="tests.monte_carlo.strategy.test_sampler" name="test_uniform_distribution_sample_within_bounds" time="0.001" /><testcase classname="tests.monte_carlo.strategy.test_sampler" name="test_parse_sampling_config_rejects_empty_segments" time="0.001" /><testcase classname="tests.monte_carlo.strategy.test_sampler" name="test_parse_sampling_config_rejects_empty_mapping" time="0.001" /><testcase classname="tests.monte_carlo.strategy.test_sampler" name="test_sample_strategy_variants_reproducible_seed" time="0.001" /><testcase classname="tests.monte_carlo.strategy.test_sampler" name="test_sample_strategy_variants_constraints_rejects" time="0.001" /><testcase classname="tests.monte_carlo.strategy.test_sampler" name="test_sample_strategy_variants_constraints_bool" time="0.001" /><testcase classname="tests.monte_carlo.strategy.test_sampler" name="test_sample_strategy_variants_rejection_logging" time="0.001" /><testcase classname="tests.monte_carlo.strategy.test_sampler" name="test_sample_strategy_variants_max_rejection_attempts" time="0.001" /><testcase classname="tests.monte_carlo.strategy.test_sampler" name="test_sample_strategy_variants_duplicate_rejection_logging" time="0.001" /><testcase classname="tests.monte_carlo.strategy.test_sampler" name="test_sample_strategy_variants_duplicate_rejection_allows_recovery" time="0.001" /><testcase classname="tests.monte_carlo.strategy.test_sampler" name="test_sample_strategy_variants_unique_names" time="0.001" /><testcase classname="tests.monte_carlo.strategy.test_sampler" name="test_sample_strategy_variants_respects_existing_names" time="0.001" /><testcase classname="tests.monte_carlo.strategy.test_sampler" name="test_sample_strategy_variants_n_exceeds_combinations" time="0.001" /><testcase classname="tests.monte_carlo.strategy.test_sampler" name="test_sample_strategy_variants_n_exceeds_discrete_range_combinations" time="0.001" /><testcase classname="tests.monte_carlo.strategy.test_sampler" name="test_sample_strategy_variants_n_exceeds_combinations_with_duplicates" time="0.001" /><testcase classname="tests.monte_carlo.strategy.test_validation" name="test_validate_strategy_pack_accepts_hf_equity_curated" time="0.146" /><testcase classname="tests.monte_carlo.strategy.test_validation" name="test_hf_equity_curated_pack_schema_validation_preserves_defaults" time="0.281" /><testcase classname="tests.monte_carlo.strategy.test_validation" name="test_validate_strategy_pack_hf_equity_curated_does_not_modify_defaults_file" time="0.145" /><testcase classname="tests.monte_carlo.strategy.test_validation" name="test_validate_strategy_pack_hf_equity_curated_does_not_mutate_defaults" time="0.146" /><testcase classname="tests.monte_carlo.strategy.test_validation" name="test_validate_strategy_pack_hf_equity_curated_schema_and_defaults" time="0.148" /><testcase classname="tests.monte_carlo.strategy.test_validation" name="test_validate_strategy_pack_hf_equity_curated_validates_each_strategy_schema" time="0.147" /><testcase classname="tests.monte_carlo.strategy.test_validation" name="test_validate_strategy_pack_hf_equity_curated_schema_validation_preserves_defaults" time="0.228" /><testcase classname="tests.monte_carlo.strategy.test_validation" name="test_validate_strategy_pack_hf_equity_curated_schema_and_defaults_round_trip_validation" time="0.286" /><testcase classname="tests.monte_carlo.strategy.test_validation" name="test_validate_strategy_pack_hf_equity_curated_schema_and_defaults_round_trip" time="0.281" /><testcase classname="tests.monte_carlo.strategy.test_validation" name="test_validate_strategy_pack_hf_equity_curated_validates_schema_and_preserves_defaults" time="0.281" /><testcase classname="tests.monte_carlo.strategy.test_validation" name="test_validate_strategy_pack_hf_equity_curated_preserves_defaults_file_and_data" time="0.148" /><testcase classname="tests.monte_carlo.strategy.test_validation" name="test_validate_strategy_pack_hf_equity_curated_loads_pack_and_preserves_defaults" time="0.186" /><testcase classname="tests.monte_carlo.strategy.test_validation" name="test_validate_strategy_pack_hf_equity_curated_validates_each_strategy_and_preserves_defaults" time="0.260" /><testcase classname="tests.monte_carlo.strategy.test_validation" name="test_validate_strategy_pack_hf_equity_curated_loads_schema_and_preserves_defaults" time="0.181" /><testcase classname="tests.monte_carlo.strategy.test_validation" name="test_validate_strategy_pack_reports_base_config_mutation" time="0.006" /><testcase classname="tests.monte_carlo.strategy.test_validation" name="test_validate_strategy_pack_does_not_mutate_base_config" time="0.002" /><testcase classname="tests.monte_carlo.strategy.test_validation" name="test_validate_strategy_pack_rejects_non_list_curated" time="0.039" /><testcase classname="tests.monte_carlo.strategy.test_validation" name="test_validate_strategy_pack_rejects_missing_curated" time="0.039" /><testcase classname="tests.monte_carlo.strategy.test_validation" name="test_validate_strategy_pack_rejects_invalid_entry_type" time="0.040" /><testcase classname="tests.monte_carlo.strategy.test_validation" name="test_validate_strategy_pack_rejects_missing_name" time="0.039" /><testcase classname="tests.monte_carlo.strategy.test_validation" name="test_validate_strategy_pack_rejects_non_mapping_overrides" time="0.040" /><testcase classname="tests.monte_carlo.strategy.test_validation" name="test_validate_strategy_pack_rejects_unsupported_keys" time="0.040" /><testcase classname="tests.monte_carlo.strategy.test_validation" name="test_validate_strategy_pack_rejects_mapping_tags" time="0.041" /><testcase classname="tests.monte_carlo.strategy.test_validation" name="test_validate_strategy_pack_rejects_invalid_weighting_scheme" time="0.047" /><testcase classname="tests.monte_carlo.strategy.test_variant" name="test_apply_to_simple_override" time="0.002" /><testcase classname="tests.monte_carlo.strategy.test_variant" name="test_apply_to_nested_override" time="0.002" /><testcase classname="tests.monte_carlo.strategy.test_variant" name="test_apply_to_accepts_trend_config" time="0.002" /><testcase classname="tests.monte_carlo.strategy.test_variant" name="test_apply_to_accepts_regime_turnover_mapping" time="0.002" /><testcase classname="tests.monte_carlo.strategy.test_variant" name="test_to_trend_config_validates_merge" time="0.002" /><testcase classname="tests.monte_carlo.strategy.test_variant" name="test_to_trend_config_accepts_trend_config" time="0.002" /><testcase classname="tests.monte_carlo.strategy.test_variant" name="test_to_trend_config_accepts_weighting_scheme_and_name" time="0.002" /><testcase classname="tests.monte_carlo.strategy.test_variant" name="test_to_trend_config_applies_weighting_scheme_and_name_without_mutation" time="0.002" /><testcase classname="tests.monte_carlo.strategy.test_variant" name="test_to_trend_config_merges_weighting_scheme_name_and_params" time="0.002" /><testcase classname="tests.monte_carlo.strategy.test_variant" name="test_to_trend_config_uses_scheme_and_name_without_mutating_base" time="0.002" /><testcase classname="tests.monte_carlo.strategy.test_variant" name="test_to_trend_config_preserves_weighting_params_when_scheme_and_name_override" time="0.002" /><testcase classname="tests.monte_carlo.strategy.test_variant" name="test_to_trend_config_applies_scheme_and_name_overrides" time="0.002" /><testcase classname="tests.monte_carlo.strategy.test_variant" name="test_to_trend_config_uses_defaults_without_mutation_when_weighting_overrides" time="0.041" /><testcase classname="tests.monte_carlo.strategy.test_variant" name="test_to_trend_config_weighting_scheme_and_name_preserve_defaults" time="0.040" /><testcase classname="tests.monte_carlo.strategy.test_variant" name="test_to_trend_config_defaults_with_scheme_name_and_params_no_mutation" time="0.041" /><testcase classname="tests.monte_carlo.strategy.test_variant" name="test_to_trend_config_allows_only_weighting_scheme_override" time="0.002" /><testcase classname="tests.monte_carlo.strategy.test_variant" name="test_to_trend_config_allows_only_weighting_name_override" time="0.002" /><testcase classname="tests.monte_carlo.strategy.test_variant" name="test_apply_to_allows_weighting_params_extension" time="0.002" /><testcase classname="tests.monte_carlo.strategy.test_variant" name="test_apply_to_allows_weighting_params_extension_with_scheme_and_name" time="0.002" /><testcase classname="tests.monte_carlo.strategy.test_variant" name="test_apply_to_allows_weighting_params_creation_for_curated" time="0.002" /><testcase classname="tests.monte_carlo.strategy.test_variant" name="test_apply_to_rejects_weighting_params_extension_for_non_curated" time="0.002" /><testcase classname="tests.monte_carlo.strategy.test_variant" name="test_apply_to_rejects_weighting_params_creation_for_non_curated" time="0.002" /><testcase classname="tests.monte_carlo.strategy.test_variant" name="test_apply_to_curated_rejects_unknown_path_outside_freeform" time="0.002" /><testcase classname="tests.monte_carlo.strategy.test_variant" name="test_to_trend_config_rejects_invalid_weighting_scheme_type" time="0.002" /><testcase classname="tests.monte_carlo.strategy.test_variant" name="test_to_trend_config_rejects_invalid_weighting_scheme_value" time="0.002" /><testcase classname="tests.monte_carlo.strategy.test_variant" name="test_to_trend_config_rejects_invalid_weighting_name_type" time="0.002" /><testcase classname="tests.monte_carlo.strategy.test_variant" name="test_to_trend_config_error_includes_strategy_name" time="0.002" /><testcase classname="tests.monte_carlo.strategy.test_variant" name="test_apply_to_type_mismatch_raises" time="0.002" /><testcase classname="tests.monte_carlo.strategy.test_variant" name="test_apply_to_missing_top_level_path_raises" time="0.002" /><testcase classname="tests.monte_carlo.strategy.test_variant" name="test_to_trend_config_reports_invalid_path" time="0.002" /><testcase classname="tests.monte_carlo.strategy.test_variant" name="test_apply_to_rejects_unsupported_override" time="0.002" /><testcase classname="tests.monte_carlo.test_aggregator" name="test_build_path_frame_schema_and_values" time="0.005" /><testcase classname="tests.monte_carlo.test_aggregator" name="test_build_path_frame_excludes_path_and_fold_from_metrics" time="0.004" /><testcase classname="tests.monte_carlo.test_aggregator" name="test_build_path_frame_excludes_numeric_strategy_from_metrics" time="0.022" /><testcase classname="tests.monte_carlo.test_aggregator" name="test_build_path_frame_prefers_strategy_name_when_strategy_missing" time="0.005" /><testcase classname="tests.monte_carlo.test_aggregator" name="test_build_path_frame_excludes_seed_and_ids_from_metrics" time="0.004" /><testcase classname="tests.monte_carlo.test_aggregator" name="test_build_path_frame_excludes_paths_and_folds_from_metrics" time="0.004" /><testcase classname="tests.monte_carlo.test_aggregator" name="test_summary_frames_ignore_paths_and_folds_columns" time="0.029" /><testcase classname="tests.monte_carlo.test_aggregator" name="test_path_frame_metrics_match_summary_metrics" time="0.008" /><testcase classname="tests.monte_carlo.test_aggregator" name="test_build_path_frame_excludes_metadata_columns_from_metrics" time="0.004" /><testcase classname="tests.monte_carlo.test_aggregator" name="test_build_path_frame_preserves_metric_schema_on_empty_input" time="0.002" /><testcase classname="tests.monte_carlo.test_aggregator" name="test_build_path_frame_includes_numeric_string_metrics" time="0.006" /><testcase classname="tests.monte_carlo.test_aggregator" name="test_build_path_frame_excludes_boolean_metrics" time="0.004" /><testcase classname="tests.monte_carlo.test_aggregator" name="test_build_path_frame_coerces_string_metrics_to_numeric" time="0.005" /><testcase classname="tests.monte_carlo.test_aggregator" name="test_build_breach_frame_coerces_numeric_columns" time="0.006" /><testcase classname="tests.monte_carlo.test_aggregator" name="test_build_breach_frame_rejects_boolean_thresholds" time="0.002" /><testcase classname="tests.monte_carlo.test_aggregator" name="test_build_breach_frame_accepts_percent_thresholds" time="0.006" /><testcase classname="tests.monte_carlo.test_aggregator" name="test_build_expected_shortfall_frame_coerces_numeric_columns" time="0.007" /><testcase classname="tests.monte_carlo.test_aggregator" name="test_build_path_frame_fills_missing_strategy" time="0.004" /><testcase classname="tests.monte_carlo.test_aggregator" name="test_build_path_frame_uses_strategy_name_column" time="0.004" /><testcase classname="tests.monte_carlo.test_aggregator" name="test_build_path_frame_prefers_strategy_name_for_numeric_strategy" time="0.005" /><testcase classname="tests.monte_carlo.test_aggregator" name="test_build_path_frame_fills_missing_path_and_fold" time="0.004" /><testcase classname="tests.monte_carlo.test_aggregator" name="test_build_path_frame_uses_fold_label_when_fold_id_missing" time="0.004" /><testcase classname="tests.monte_carlo.test_aggregator" name="test_build_path_frame_uses_path_hash_when_path_id_missing" time="0.004" /><testcase classname="tests.monte_carlo.test_aggregator" name="test_path_frame_schema_includes_numeric_metrics_only" time="0.002" /><testcase classname="tests.monte_carlo.test_aggregator" name="test_path_frame_schema_excludes_boolean_metrics" time="0.001" /><testcase classname="tests.monte_carlo.test_aggregator" name="test_build_path_frame_sorts_mixed_strategy_types" time="0.004" /><testcase classname="tests.monte_carlo.test_aggregator" name="test_build_quantiles_frame_reports_requested_quantiles" time="0.023" /><testcase classname="tests.monte_carlo.test_aggregator" name="test_build_quantiles_frame_computes_quantiles_for_all_metrics" time="0.023" /><testcase classname="tests.monte_carlo.test_aggregator" name="test_build_quantiles_frame_coerces_quantile_and_paths_types" time="0.022" /><testcase classname="tests.monte_carlo.test_aggregator" name="test_build_quantiles_frame_defaults_quantiles_when_none_or_empty" time="0.041" /><testcase classname="tests.monte_carlo.test_aggregator" name="test_build_quantiles_frame_accepts_scalar_quantile" time="0.023" /><testcase classname="tests.monte_carlo.test_aggregator" name="test_build_quantiles_frame_accepts_percent_string_quantiles" time="0.023" /><testcase classname="tests.monte_carlo.test_aggregator" name="test_build_quantiles_frame_skips_invalid_string_quantiles" time="0.023" /><testcase classname="tests.monte_carlo.test_aggregator" name="test_build_quantiles_frame_defaults_when_all_quantiles_invalid" time="0.022" /><testcase classname="tests.monte_carlo.test_aggregator" name="test_build_quantiles_frame_defaults_on_empty_string_quantiles" time="0.022" /><testcase classname="tests.monte_carlo.test_aggregator" name="test_build_quantiles_frame_reports_all_metrics" time="0.023" /><testcase classname="tests.monte_carlo.test_aggregator" name="test_build_quantiles_frame_reports_metric_a_and_b" time="0.023" /><testcase classname="tests.monte_carlo.test_aggregator" name="test_build_quantiles_frame_groups_by_strategy_and_fold" time="0.023" /><testcase classname="tests.monte_carlo.test_aggregator" name="test_build_quantiles_frame_ignores_non_finite_values" time="0.022" /><testcase classname="tests.monte_carlo.test_aggregator" name="test_build_quantiles_frame_reports_zero_paths_for_all_non_finite_metric" time="0.023" /><testcase classname="tests.monte_carlo.test_aggregator" name="test_build_quantiles_frame_all_non_finite_metrics_report_zero_paths" time="0.022" /><testcase classname="tests.monte_carlo.test_aggregator" name="test_build_quantiles_frame_handles_string_metrics" time="0.023" /><testcase classname="tests.monte_carlo.test_aggregator" name="test_build_quantiles_frame_ignores_boolean_metrics" time="0.021" /><testcase classname="tests.monte_carlo.test_aggregator" name="test_build_quantiles_frame_skips_non_finite_quantiles" time="0.022" /><testcase classname="tests.monte_carlo.test_aggregator" name="test_build_quantiles_frame_rejects_out_of_bounds_quantile" time="0.005" /><testcase classname="tests.monte_carlo.test_aggregator" name="test_build_quantiles_frame_rejects_bool_in_sequence" time="0.005" /><testcase classname="tests.monte_carlo.test_aggregator" name="test_build_quantiles_frame_defaults_when_quantiles_empty" time="0.023" /><testcase classname="tests.monte_carlo.test_aggregator" name="test_build_quantiles_frame_defaults_when_quantiles_none" time="0.023" /><testcase classname="tests.monte_carlo.test_aggregator" name="test_build_quantiles_frame_deduplicates_quantiles" time="0.023" /><testcase classname="tests.monte_carlo.test_aggregator" name="test_build_quantiles_frame_empty_input_preserves_schema" time="0.003" /><testcase classname="tests.monte_carlo.test_aggregator" name="test_summary_frames_fill_missing_path_columns" time="0.033" /><testcase classname="tests.monte_carlo.test_aggregator" name="test_build_quantiles_frame_derives_fold_id_from_fold" time="0.018" /><testcase classname="tests.monte_carlo.test_aggregator" name="test_build_quantiles_frame_counts_paths_with_missing_strategy_fold" time="0.022" /><testcase classname="tests.monte_carlo.test_aggregator" name="test_build_breach_and_expected_shortfall_support_upper_tail" time="0.014" /><testcase classname="tests.monte_carlo.test_aggregator" name="test_build_breach_frame_accepts_tail_alias" time="0.009" /><testcase classname="tests.monte_carlo.test_aggregator" name="test_build_breach_frame_rejects_invalid_direction" time="0.005" /><testcase classname="tests.monte_carlo.test_aggregator" name="test_build_breach_frame_defaults_direction_when_none" time="0.009" /><testcase classname="tests.monte_carlo.test_aggregator" name="test_build_breach_frame_supports_default_threshold_mapping" time="0.010" /><testcase classname="tests.monte_carlo.test_aggregator" name="test_build_breach_frame_supports_default_key" time="0.010" /><testcase classname="tests.monte_carlo.test_aggregator" name="test_aggregate_monte_carlo_results_respects_quantile_config" time="0.032" /><testcase classname="tests.monte_carlo.test_aggregator" name="test_aggregate_monte_carlo_results_accepts_percent_string_quantiles" time="0.029" /><testcase classname="tests.monte_carlo.test_aggregator" name="test_aggregate_monte_carlo_results_uses_strategy_name_and_ids" time="0.029" /><testcase classname="tests.monte_carlo.test_aggregator" name="test_aggregate_monte_carlo_results_reports_expected_shortfall_values" time="0.033" /><testcase classname="tests.monte_carlo.test_aggregator" name="test_aggregate_monte_carlo_results_reports_metric_a_and_b_quantiles" time="0.030" /><testcase classname="tests.monte_carlo.test_aggregator" name="test_aggregate_monte_carlo_results_reports_breach_probabilities" time="0.033" /><testcase classname="tests.monte_carlo.test_aggregator" name="test_aggregate_monte_carlo_results_empty_input_preserves_schemas" time="0.007" /><testcase classname="tests.monte_carlo.test_aggregator" name="test_build_breach_frame_handles_lower_and_upper_thresholds" time="0.010" /><testcase classname="tests.monte_carlo.test_aggregator" name="test_build_breach_frame_groups_by_strategy_and_fold" time="0.012" /><testcase classname="tests.monte_carlo.test_aggregator" name="test_build_breach_frame_accepts_threshold_key" time="0.009" /><testcase classname="tests.monte_carlo.test_aggregator" name="test_build_breach_frame_accepts_scalar_threshold" time="0.009" /><testcase classname="tests.monte_carlo.test_aggregator" name="test_build_breach_frame_applies_default_thresholds_to_all_metrics" time="0.010" /><testcase classname="tests.monte_carlo.test_aggregator" name="test_build_breach_frame_skips_non_finite_thresholds" time="0.009" /><testcase classname="tests.monte_carlo.test_aggregator" name="test_build_breach_frame_skips_non_numeric_thresholds" time="0.009" /><testcase classname="tests.monte_carlo.test_aggregator" name="test_build_breach_frame_skips_none_thresholds" time="0.009" /><testcase classname="tests.monte_carlo.test_aggregator" name="test_build_breach_frame_skips_none_default_thresholds" time="0.009" /><testcase classname="tests.monte_carlo.test_aggregator" name="test_build_breach_frame_dedupes_thresholds" time="0.009" /><testcase classname="tests.monte_carlo.test_aggregator" name="test_build_breach_frame_empty_threshold_list_preserves_schema" time="0.006" /><testcase classname="tests.monte_carlo.test_aggregator" name="test_build_breach_frame_none_spec_preserves_schema" time="0.006" /><testcase classname="tests.monte_carlo.test_aggregator" name="test_build_breach_frame_ignores_unknown_metrics" time="0.007" /><testcase classname="tests.monte_carlo.test_aggregator" name="test_build_breach_frame_ignores_non_finite_metric_values" time="0.009" /><testcase classname="tests.monte_carlo.test_aggregator" name="test_build_breach_frame_ignores_non_numeric_metrics" time="0.010" /><testcase classname="tests.monte_carlo.test_aggregator" name="test_build_expected_shortfall_frame_computes_tail_mean" time="0.011" /><testcase classname="tests.monte_carlo.test_aggregator" name="test_build_expected_shortfall_frame_rejects_invalid_alpha" time="0.005" /><testcase classname="tests.monte_carlo.test_aggregator" name="test_build_expected_shortfall_reports_thresholds" time="0.011" /><testcase classname="tests.monte_carlo.test_aggregator" name="test_build_expected_shortfall_accepts_direction_alias" time="0.010" /><testcase classname="tests.monte_carlo.test_aggregator" name="test_build_expected_shortfall_defaults_tail_when_none" time="0.010" /><testcase classname="tests.monte_carlo.test_aggregator" name="test_build_expected_shortfall_defaults_to_all_metrics" time="0.010" /><testcase classname="tests.monte_carlo.test_aggregator" name="test_build_expected_shortfall_supports_default_mapping" time="0.011" /><testcase classname="tests.monte_carlo.test_aggregator" name="test_build_expected_shortfall_supports_top_level_defaults" time="0.011" /><testcase classname="tests.monte_carlo.test_aggregator" name="test_build_expected_shortfall_accepts_scalar_alpha" time="0.010" /><testcase classname="tests.monte_carlo.test_aggregator" name="test_build_expected_shortfall_accepts_percent_alpha_string" time="0.010" /><testcase classname="tests.monte_carlo.test_aggregator" name="test_build_expected_shortfall_accepts_percent_alpha_mapping" time="0.010" /><testcase classname="tests.monte_carlo.test_aggregator" name="test_build_expected_shortfall_defaults_when_spec_empty" time="0.010" /><testcase classname="tests.monte_carlo.test_aggregator" name="test_build_expected_shortfall_skips_none_spec" time="0.010" /><testcase classname="tests.monte_carlo.test_aggregator" name="test_build_expected_shortfall_ignores_non_finite_values" time="0.009" /><testcase classname="tests.monte_carlo.test_aggregator" name="test_build_expected_shortfall_handles_all_non_finite_values" time="0.009" /><testcase classname="tests.monte_carlo.test_aggregator" name="test_build_expected_shortfall_ignores_non_numeric_metrics" time="0.010" /><testcase classname="tests.monte_carlo.test_aggregator" name="test_build_expected_shortfall_rejects_non_finite_alpha" time="0.005" /><testcase classname="tests.monte_carlo.test_aggregator" name="test_build_expected_shortfall_rejects_boolean_alpha" time="0.006" /><testcase classname="tests.monte_carlo.test_aggregator" name="test_build_expected_shortfall_rejects_scalar_alpha_out_of_range" time="0.005" /><testcase classname="tests.monte_carlo.test_aggregator" name="test_build_expected_shortfall_rejects_alpha_at_bounds" time="0.006" /><testcase classname="tests.monte_carlo.test_aggregator" name="test_build_expected_shortfall_empty_input_preserves_schema" time="0.003" /><testcase classname="tests.monte_carlo.test_aggregator" name="test_schema_helpers_match_column_constants" time="0.001" /><testcase classname="tests.monte_carlo.test_aggregator" name="test_aggregation_frame_schemas_reports_all_outputs" time="0.001" /><testcase classname="tests.monte_carlo.test_aggregator" name="test_aggregation_frame_schemas_empty_input_includes_metric_columns" time="0.001" /><testcase classname="tests.monte_carlo.test_aggregator" name="test_export_aggregation_results_writes_csv" time="0.048" /><testcase classname="tests.monte_carlo.test_aggregator" name="test_export_aggregation_results_per_strategy_path_matches_path_summary" time="0.051" /><testcase classname="tests.monte_carlo.test_aggregator" name="test_export_aggregation_results_per_strategy_stats_matches_path_summary" time="0.051" /><testcase classname="tests.monte_carlo.test_aggregator" name="test_export_aggregation_results_prefers_strategy_name_for_numeric_strategy" time="0.011" /><testcase classname="tests.monte_carlo.test_aggregator" name="test_export_aggregation_results_defaults_to_csv_when_parquet_unavailable" time="0.048" /><testcase classname="tests.monte_carlo.test_aggregator" name="test_export_aggregation_results_drops_parquet_when_unavailable" time="0.048" /><testcase classname="tests.monte_carlo.test_aggregator" name="test_export_aggregation_results_rejects_parquet_only_when_unavailable" time="0.033" /><testcase classname="tests.monte_carlo.test_aggregator" name="test_export_aggregation_results_rejects_unknown_format" time="0.048" /><testcase classname="tests.monte_carlo.test_aggregator" name="test_export_aggregation_results_defaults_to_csv_and_parquet_when_available" time="0.065" /><testcase classname="tests.monte_carlo.test_aggregator" name="test_export_aggregation_results_defaults_when_formats_blank" time="0.058" /><testcase classname="tests.monte_carlo.test_aggregator" name="test_export_aggregation_results_path_summary_columns" time="0.050" /><testcase classname="tests.monte_carlo.test_aggregator" name="test_export_aggregation_results_per_strategy_path_columns" time="0.050" /><testcase classname="tests.monte_carlo.test_aggregator" name="test_export_aggregation_results_per_strategy_aliases_path_summary" time="0.052" /><testcase classname="tests.monte_carlo.test_aggregator" name="test_export_aggregation_results_writes_parquet" time="0.064" /><testcase classname="tests.monte_carlo.test_aggregator" name="test_export_aggregation_results_per_strategy_path_matches_path_summary_parquet" time="0.058" /><testcase classname="tests.monte_carlo.test_aggregator" name="test_export_aggregation_results_path_summary_schema" time="0.050" /><testcase classname="tests.monte_carlo.test_aggregator" name="test_export_aggregation_results_path_summary_schema_without_metrics" time="0.016" /><testcase classname="tests.monte_carlo.test_aggregator" name="test_export_aggregation_results_adds_missing_path_columns" time="0.011" /><testcase classname="tests.monte_carlo.test_aggregator" name="test_export_aggregation_results_uses_strategy_name" time="0.012" /><testcase classname="tests.monte_carlo.test_aggregator" name="test_export_aggregation_results_prefers_strategy_name_when_strategy_missing" time="0.011" /><testcase classname="tests.monte_carlo.test_aggregator" name="test_export_aggregation_results_prefers_strategy_name_over_numeric_strategy" time="0.011" /><testcase classname="tests.monte_carlo.test_aggregator" name="test_export_aggregation_results_uses_path_hash" time="0.012" /><testcase classname="tests.monte_carlo.test_aggregator" name="test_export_aggregation_results_uses_fold_label" time="0.012" /><testcase classname="tests.monte_carlo.test_aggregator" name="test_export_aggregation_results_summary_schemas" time="0.053" /><testcase classname="tests.monte_carlo.test_aggregator" name="test_export_summary_quantiles_columns_for_multiple_quantiles" time="0.050" /><testcase classname="tests.monte_carlo.test_aggregator" name="test_export_summary_quantiles_columns_for_fractional_quantiles" time="0.050" /><testcase classname="tests.monte_carlo.test_aggregator" name="test_export_summary_quantiles_columns_for_single_digit_fractional_quantiles" time="0.050" /><testcase classname="tests.monte_carlo.test_aggregator" name="test_export_summary_quantiles_uses_fold_when_fold_id_missing" time="0.020" /><testcase classname="tests.monte_carlo.test_aggregator" name="test_export_summary_quantiles_prefers_fold_when_fold_id_all_nan" time="0.020" /><testcase classname="tests.monte_carlo.test_aggregator" name="test_export_summary_quantiles_prefers_fold_id_when_populated" time="0.020" /><testcase classname="tests.monte_carlo.test_aggregator" name="test_export_summary_quantiles_keeps_nan_fold_id_when_no_fold" time="0.020" /><testcase classname="tests.monte_carlo.test_aggregator" name="test_export_summary_quantiles_drops_nan_quantiles" time="0.012" /><testcase classname="tests.monte_carlo.test_aggregator" name="test_export_summary_quantiles_empty_preserves_fold_id_column" time="0.010" /><testcase classname="tests.monte_carlo.test_aggregator" name="test_export_aggregation_results_reorders_empty_frames" time="0.017" /><testcase classname="tests.monte_carlo.test_aggregator" name="test_export_aggregation_results_adds_missing_schema_columns" time="0.017" /><testcase classname="tests.monte_carlo.test_aggregator" name="test_export_aggregation_results_supports_parquet" time="0.055" /><testcase classname="tests.monte_carlo.test_aggregator" name="test_export_aggregation_results_supports_csv_and_parquet" time="0.058" /><testcase classname="tests.monte_carlo.test_aggregator" name="test_export_aggregation_results_exports_both_formats_without_parquet_dependency" time="0.046" /><testcase classname="tests.monte_carlo.test_aggregator" name="test_
[...]
ts.test_restore_branch_snapshots" name="test_download_artifact_raises_on_bad_status" time="0.003" /><testcase classname="tests.workflows.github_scripts.test_restore_branch_snapshots" name="test_extract_zip_and_copy_json" time="0.005" /><testcase classname="tests.workflows.github_scripts.test_restore_branch_snapshots" name="test_copy_json_requires_content" time="0.003" /><testcase classname="tests.workflows.github_scripts.test_restore_branch_snapshots" name="test_restore_previous_snapshots_happy_path" time="0.004" /><testcase classname="tests.workflows.github_scripts.test_restore_branch_snapshots" name="test_restore_previous_snapshots_no_candidate" time="0.003" /><testcase classname="tests.workflows.github_scripts.test_restore_branch_snapshots" name="test_restore_previous_snapshots_missing_source" time="0.004" /><testcase classname="tests.workflows.github_scripts.test_restore_branch_snapshots" name="test_main_handles_restore_errors[exc_type0]" time="0.001"><properties><property name="test_markers" value="parametrize" /></properties></testcase><testcase classname="tests.workflows.github_scripts.test_restore_branch_snapshots" name="test_main_handles_restore_errors[exc_type1]" time="0.001"><properties><property name="test_markers" value="parametrize" /></properties></testcase><testcase classname="tests.workflows.github_scripts.test_restore_branch_snapshots" name="test_main_skips_when_missing_repo_or_token" time="0.001" /><testcase classname="tests.workflows.github_scripts.test_restore_branch_snapshots" name="test_main_reports_success" time="0.004" /><testcase classname="tests.workflows.github_scripts.test_restore_branch_snapshots" name="test_main_reports_no_artifact" time="0.004" /><testcase classname="tests.workflows.github_scripts.test_restore_branch_snapshots" name="test_module_entrypoint_triggers_main" time="0.003" /><testcase classname="tests.workflows.test_autofix_full_pipeline" name="test_autofix_pipeline_resolves_lint_and_typing" time="4.341"><properties><property name="test_markers" value="integration" /></properties></testcase><testcase classname="tests.workflows.test_autofix_pipeline" name="test_autofix_pipeline_fixes_trivial_ruff_issue" time="0.451"><properties><property name="test_markers" value="integration" /></properties></testcase><testcase classname="tests.workflows.test_autofix_pipeline" name="test_auto_type_hygiene_adds_ignore" time="0.004" /><testcase classname="tests.workflows.test_autofix_pipeline_diverse" name="test_autofix_pipeline_handles_diverse_errors" time="5.917"><properties><property name="test_markers" value="integration" /></properties></testcase><testcase classname="tests.workflows.test_autofix_pipeline_live_docs" name="test_autofix_pipeline_repairs_live_documents" time="20.047"><properties><property name="test_markers" value="integration,slow" /></properties></testcase><testcase classname="tests.workflows.test_autofix_pipeline_tools" name="test_fix_numpy_asserts_rewrites_array_equality" time="0.004" /><testcase classname="tests.workflows.test_autofix_pipeline_tools" name="test_update_autofix_expectations_overwrites_constant" time="0.009" /><testcase classname="tests.workflows.test_autofix_pipeline_tools" name="test_auto_type_hygiene_inserts_type_ignore" time="0.005" /><testcase classname="tests.workflows.test_autofix_pipeline_tools" name="test_mypy_return_autofix_updates_annotation" time="1.132" /><testcase classname="tests.workflows.test_autofix_pipeline_tools" name="test_fix_cosmetic_aggregate_switches_separator" time="0.004" /><testcase classname="tests.workflows.test_autofix_pipeline_tools" name="test_fix_numpy_asserts_skips_non_array" time="0.004" /><testcase classname="tests.workflows.test_autofix_pipeline_tools" name="test_update_autofix_expectations_handles_missing_callable" time="0.009" /><testcase classname="tests.workflows.test_autofix_pipeline_tools" name="test_auto_type_hygiene_noop_for_typed_package" time="0.004" /><testcase classname="tests.workflows.test_autofix_pipeline_tools" name="test_mypy_return_autofix_no_action" time="1.126" /><testcase classname="tests.workflows.test_autofix_pipeline_tools" name="test_fix_cosmetic_aggregate_noop_when_already_pipe" time="0.004" /><testcase classname="tests.workflows.test_autofix_pr_comment" name="test_load_json_and_coercion_helpers" time="0.005"><properties><property name="test_markers" value="cosmetic" /></properties></testcase><testcase classname="tests.workflows.test_autofix_pr_comment" name="test_code_line_helpers_cover_all_branches" time="0.001"><properties><property name="test_markers" value="cosmetic" /></properties></testcase><testcase classname="tests.workflows.test_autofix_pr_comment" name="test_build_comment_full_flow" time="0.004"><properties><property name="test_markers" value="cosmetic" /></properties></testcase><testcase classname="tests.workflows.test_autofix_pr_comment" name="test_build_comment_defaults_and_autofix_suffix" time="0.004"><properties><property name="test_markers" value="cosmetic" /></properties></testcase><testcase classname="tests.workflows.test_autofix_pr_comment" name="test_cli_entrypoint_writes_output" time="0.005"><properties><property name="test_markers" value="cosmetic" /></properties></testcase><testcase classname="tests.workflows.test_autofix_probe_module" name="test_demo_autofix_probe_returns_input" time="0.005" /><testcase classname="tests.workflows.test_autofix_repo_regressions" name="test_autofix_selected_funds_constant" time="0.005" /><testcase classname="tests.workflows.test_autofix_repo_regressions" name="test_autofix_numpy_assertion" time="0.003" /><testcase classname="tests.workflows.test_autofix_repo_regressions" name="test_yaml_round_trip_and_optional_passthrough" time="0.004" /><testcase classname="tests.workflows.test_autofix_repo_regressions" name="test_aggregate_numbers_pipe_separator" time="0.001" /><testcase classname="tests.workflows.test_autofix_samples" name="test_trigger_sample_functions_behave_as_documented" time="0.001" /><testcase classname="tests.workflows.test_autofix_samples" name="test_violation_case2_compute_and_helpers" time="0.001" /><testcase classname="tests.workflows.test_autofix_samples" name="test_violation_case2_runs_as_script" time="0.001" /><testcase classname="tests.workflows.test_autofix_samples" name="test_violation_case2_runs_as_a_script" time="0.001" /><testcase classname="tests.workflows.test_autofix_samples" name="test_violation_case3_exposes_expected_behaviour" time="0.001" /><testcase classname="tests.workflows.test_autofix_trigger_scenario2" name="test_autofix_spacing" time="0.001" /><testcase classname="tests.workflows.test_autofix_trigger_scenario2" name="test_unused_variable_chain" time="0.001" /><testcase classname="tests.workflows.test_autofix_trigger_scenario2" name="test_shadow_builtin" time="0.001" /><testcase classname="tests.workflows.test_autofix_trigger_scenario2" name="test_mixed_quotes" time="0.001" /><testcase classname="tests.workflows.test_autofix_trigger_scenario2" name="test_line_length_enforcement" time="0.001" /><testcase classname="tests.workflows.test_ci_cosmetic_repair" name="test_cosmetic_repair_updates_guarded_value" time="0.007"><properties><property name="test_markers" value="filterwarnings" /></properties></testcase><testcase classname="tests.workflows.test_ci_cosmetic_repair" name="test_cosmetic_repair_refuses_without_guard" time="0.004"><properties><property name="test_markers" value="filterwarnings" /></properties></testcase><testcase classname="tests.workflows.test_ci_cosmetic_repair" name="test_second_run_detects_no_changes" time="0.008"><properties><property name="test_markers" value="filterwarnings" /></properties></testcase><testcase classname="tests.workflows.test_ci_cosmetic_repair" name="test_cosmetic_snapshot_updates_file" time="0.006"><properties><property name="test_markers" value="filterwarnings" /></properties></testcase><testcase classname="tests.workflows.test_ci_cosmetic_repair" name="test_dry_run_writes_summary" time="0.005"><properties><property name="test_markers" value="filterwarnings" /></properties></testcase><testcase classname="tests.workflows.test_ci_cosmetic_repair" name="test_run_pytest_invokes_python" time="0.003"><properties><property name="test_markers" value="filterwarnings" /></properties></testcase><testcase classname="tests.workflows.test_ci_cosmetic_repair" name="test_run_raises_when_command_fails" time="0.001"><properties><property name="test_markers" value="filterwarnings" /></properties></testcase><testcase classname="tests.workflows.test_ci_cosmetic_repair" name="test_run_returns_completed_process" time="0.001"><properties><property name="test_markers" value="filterwarnings" /></properties></testcase><testcase classname="tests.workflows.test_ci_cosmetic_repair" name="test_build_instruction_validation[COSMETIC_TOLERANCE-payload0-Missing target path]" time="0.001"><properties><property name="test_markers" value="filterwarnings,parametrize" /></properties></testcase><testcase classname="tests.workflows.test_ci_cosmetic_repair" name="test_build_instruction_validation[COSMETIC_TOLERANCE-payload1-Missing guard token]" time="0.001"><properties><property name="test_markers" value="filterwarnings,parametrize" /></properties></testcase><testcase classname="tests.workflows.test_ci_cosmetic_repair" name="test_build_instruction_validation[COSMETIC_TOLERANCE-payload2-Invalid key]" time="0.001"><properties><property name="test_markers" value="filterwarnings,parametrize" /></properties></testcase><testcase classname="tests.workflows.test_ci_cosmetic_repair" name="test_build_instruction_validation[COSMETIC_SNAPSHOT-payload3-Snapshot repair requires]" time="0.001"><properties><property name="test_markers" value="filterwarnings,parametrize" /></properties></testcase><testcase classname="tests.workflows.test_ci_cosmetic_repair" name="test_build_instruction_unsupported_kind" time="0.001"><properties><property name="test_markers" value="filterwarnings" /></properties></testcase><testcase classname="tests.workflows.test_ci_cosmetic_repair" name="test_format_value_variants" time="0.001"><properties><property name="test_markers" value="filterwarnings" /></properties></testcase><testcase classname="tests.workflows.test_ci_cosmetic_repair" name="test_format_value_errors" time="0.001"><properties><property name="test_markers" value="filterwarnings" /></properties></testcase><testcase classname="tests.workflows.test_ci_cosmetic_repair" name="test_load_failure_records_detects_runtime" time="0.001"><properties><property name="test_markers" value="filterwarnings" /></properties></testcase><testcase classname="tests.workflows.test_ci_cosmetic_repair" name="test_apply_tolerance_update_validates_guard" time="0.003"><properties><property name="test_markers" value="filterwarnings" /></properties></testcase><testcase classname="tests.workflows.test_ci_cosmetic_repair" name="test_apply_tolerance_update_requires_numeric_literal" time="0.003"><properties><property name="test_markers" value="filterwarnings" /></properties></testcase><testcase classname="tests.workflows.test_ci_cosmetic_repair" name="test_apply_snapshot_update_validates_guard" time="0.003"><properties><property name="test_markers" value="filterwarnings" /></properties></testcase><testcase classname="tests.workflows.test_ci_cosmetic_repair" name="test_apply_snapshot_update_with_key" time="0.003"><properties><property name="test_markers" value="filterwarnings" /></properties></testcase><testcase classname="tests.workflows.test_ci_cosmetic_repair" name="test_working_tree_changes_parses_output" time="0.001"><properties><property name="test_markers" value="filterwarnings" /></properties></testcase><testcase classname="tests.workflows.test_ci_cosmetic_repair" name="test_stage_and_commit_uses_git" time="0.003"><properties><property name="test_markers" value="filterwarnings" /></properties></testcase><testcase classname="tests.workflows.test_ci_cosmetic_repair" name="test_push_and_open_pr_returns_last_line" time="0.003"><properties><property name="test_markers" value="filterwarnings" /></properties></testcase><testcase classname="tests.workflows.test_ci_cosmetic_repair" name="test_push_and_open_pr_handles_empty_stdout" time="0.003"><properties><property name="test_markers" value="filterwarnings" /></properties></testcase><testcase classname="tests.workflows.test_ci_cosmetic_repair" name="test_serialise_instructions" time="0.003"><properties><property name="test_markers" value="filterwarnings" /></properties></testcase><testcase classname="tests.workflows.test_ci_cosmetic_repair" name="test_write_summary_appends_timestamp" time="0.003"><properties><property name="test_markers" value="filterwarnings" /></properties></testcase><testcase classname="tests.workflows.test_ci_cosmetic_repair" name="test_build_pr_body_lists_changes" time="0.003"><properties><property name="test_markers" value="filterwarnings" /></properties></testcase><testcase classname="tests.workflows.test_ci_cosmetic_repair" name="test_main_exits_clean_when_pytest_succeeds" time="0.004"><properties><property name="test_markers" value="filterwarnings" /></properties></testcase><testcase classname="tests.workflows.test_ci_cosmetic_repair" name="test_main_requires_report_when_missing" time="0.004"><properties><property name="test_markers" value="filterwarnings" /></properties></testcase><testcase classname="tests.workflows.test_ci_cosmetic_repair" name="test_main_errors_when_pytest_failed_without_instructions" time="0.004"><properties><property name="test_markers" value="filterwarnings" /></properties></testcase><testcase classname="tests.workflows.test_ci_cosmetic_repair" name="test_main_handles_missing_instructions_without_pytest" time="0.004"><properties><property name="test_markers" value="filterwarnings" /></properties></testcase><testcase classname="tests.workflows.test_ci_cosmetic_repair" name="test_main_creates_pr_when_requested" time="0.004"><properties><property name="test_markers" value="filterwarnings" /></properties></testcase><testcase classname="tests.workflows.test_ci_coverage_delta" name="test_coverage_delta_ok" time="0.004" /><testcase classname="tests.workflows.test_ci_coverage_delta" name="test_coverage_delta_alert" time="0.004" /><testcase classname="tests.workflows.test_ci_coverage_delta" name="test_coverage_delta_fail" time="0.004" /><testcase classname="tests.workflows.test_ci_coverage_delta" name="test_coverage_delta_no_baseline" time="0.004" /><testcase classname="tests.workflows.test_ci_coverage_delta" name="test_coverage_delta_missing_xml" time="0.003" /><testcase classname="tests.workflows.test_ci_history" name="test_ci_history_appends_record_and_classification" time="0.005" /><testcase classname="tests.workflows.test_ci_history" name="test_ci_history_generates_metrics_when_missing" time="0.004" /><testcase classname="tests.workflows.test_ci_history" name="test_load_metrics_falls_back_on_invalid_json" time="0.004" /><testcase classname="tests.workflows.test_ci_history" name="test_build_history_record_enriches_metadata" time="0.001" /><testcase classname="tests.workflows.test_ci_history" name="test_ci_history_missing_junit" time="0.004"><failure message="assert 1 == 0">monkeypatch = &lt;_pytest.monkeypatch.MonkeyPatch object at 0x7f55d02b9cd0&gt;
tmp_path = PosixPath('/tmp/pytest-of-runner/pytest-0/test_ci_history_missing_junit0')

    def test_ci_history_missing_junit(monkeypatch: pytest.MonkeyPatch, tmp_path: Path) -&gt; None:
        junit_path = tmp_path / "missing.xml"
        history_path = tmp_path / "metrics-history.ndjson"
    
        monkeypatch.setenv("JUNIT_PATH", str(junit_path))
        monkeypatch.setenv("HISTORY_PATH", str(history_path))
    
        try:
            exit_code = ci_history.main()
        finally:
            monkeypatch.delenv("JUNIT_PATH", raising=False)
            monkeypatch.delenv("HISTORY_PATH", raising=False)
    
&gt;       assert exit_code == 0
E       assert 1 == 0

tests/workflows/test_ci_history.py:174: AssertionError</failure></testcase><testcase classname="tests.workflows.test_ci_history" name="test_main_handles_load_metrics_error" time="0.004" /><testcase classname="tests.workflows.test_ci_history" name="test_main_removes_existing_classification_when_disabled" time="0.004" /><testcase classname="tests.workflows.test_ci_metrics" name="test_tag_name_strips_namespace" time="0.001" /><testcase classname="tests.workflows.test_ci_metrics" name="test_build_nodeid_handles_missing_components" time="0.001" /><testcase classname="tests.workflows.test_ci_metrics" name="test_parse_float_negative_value_raises" time="0.001" /><testcase classname="tests.workflows.test_ci_metrics" name="test_collect_slow_tests_empty_inputs" time="0.001" /><testcase classname="tests.workflows.test_ci_metrics" name="test_extract_testcases_handles_namespaces_and_invalid_time" time="0.003" /><testcase classname="tests.workflows.test_ci_metrics" name="test_build_metrics_extracts_counts_and_failures" time="0.003" /><testcase classname="tests.workflows.test_ci_metrics" name="test_build_metrics_slow_tests_filter" time="0.003" /><testcase classname="tests.workflows.test_ci_metrics" name="test_main_writes_output_file" time="0.004" /><testcase classname="tests.workflows.test_ci_metrics" name="test_main_missing_junit_returns_error" time="0.003" /><testcase classname="tests.workflows.test_ci_metrics" name="test_invalid_top_n_raises" time="0.003" /><testcase classname="tests.workflows.test_ci_probe_faults" name="test_add_numbers[1-2-3]" time="0.001"><properties><property name="test_markers" value="parametrize" /></properties></testcase><testcase classname="tests.workflows.test_ci_probe_faults" name="test_add_numbers[-5-7-2]" time="0.001"><properties><property name="test_markers" value="parametrize" /></properties></testcase><testcase classname="tests.workflows.test_ci_probe_faults" name="test_add_numbers[0-0-0]" time="0.001"><properties><property name="test_markers" value="parametrize" /></properties></testcase><testcase classname="tests.workflows.test_ci_probe_faults" name="test_build_message_variants[kwargs0-Hello World]" time="0.001"><properties><property name="test_markers" value="parametrize" /></properties></testcase><testcase classname="tests.workflows.test_ci_probe_faults" name="test_build_message_variants[kwargs1-Hello Codex]" time="0.001"><properties><property name="test_markers" value="parametrize" /></properties></testcase><testcase classname="tests.workflows.test_ci_probe_faults" name="test_build_message_variants[kwargs2-Hello Codex!]" time="0.001"><properties><property name="test_markers" value="parametrize" /></properties></testcase><testcase classname="tests.workflows.test_ci_probe_faults" name="test_internal_helper_aggregates_and_uses_dependencies" time="0.001" /><testcase classname="tests.workflows.test_ci_probe_faults" name="test_internal_helper_handles_empty_sequence" time="0.001" /><testcase classname="tests.workflows.test_keepalive_guard_utils" name="test_guard_analysis_counts_gate_and_non_gate" time="0.027" /><testcase classname="tests.workflows.test_keepalive_guard_utils" name="test_guard_analysis_handles_legacy_comments" time="0.028" /><testcase classname="tests.workflows.test_keepalive_post_work" name="test_keepalive_sync_detects_head_change_without_actions" time="0.035" /><testcase classname="tests.workflows.test_keepalive_post_work" name="test_keepalive_sync_update_branch_success" time="0.035" /><testcase classname="tests.workflows.test_keepalive_post_work" name="test_keepalive_sync_create_pr_flow" time="0.039" /><testcase classname="tests.workflows.test_keepalive_post_work" name="test_keepalive_sync_escalation_adds_label_and_comment" time="0.037" /><testcase classname="tests.workflows.test_keepalive_post_work" name="test_keepalive_sync_dispatches_head_repo_for_fork" time="0.040" /><testcase classname="tests.workflows.test_keepalive_post_work" name="test_keepalive_sync_skips_fork_without_head_repo" time="0.052" /></testsuite></testsuites>